2025-09-02 17:02:43 [main] INFO  c.m.eventlib.EventlibApplication - Starting EventlibApplication using Java 21.0.5 with PID 10769 (/home/ekn47/Documentos/refreshTokes/proyeacto_microservices/eventlib/target/classes started by ekn47 in /home/ekn47/Documentos/refreshTokes/proyeacto_microservices/eventlib)
2025-09-02 17:02:43 [main] INFO  c.m.eventlib.EventlibApplication - No active profile set, falling back to 1 default profile: "default"
2025-09-02 17:02:44 [main] INFO  o.s.d.r.c.RepositoryConfigurationDelegate - Multiple Spring Data modules found, entering strict repository configuration mode
2025-09-02 17:02:44 [main] INFO  o.s.d.r.c.RepositoryConfigurationDelegate - Bootstrapping Spring Data R2DBC repositories in DEFAULT mode.
2025-09-02 17:02:45 [main] INFO  o.s.d.r.c.RepositoryConfigurationDelegate - Finished Spring Data repository scanning in 112 ms. Found 1 R2DBC repository interface.
2025-09-02 17:02:45 [main] INFO  o.s.d.r.c.RepositoryConfigurationDelegate - Multiple Spring Data modules found, entering strict repository configuration mode
2025-09-02 17:02:45 [main] INFO  o.s.d.r.c.RepositoryConfigurationDelegate - Bootstrapping Spring Data Redis repositories in DEFAULT mode.
2025-09-02 17:02:45 [main] INFO  o.s.d.r.c.RepositoryConfigurationExtensionSupport - Spring Data Redis - Could not safely identify store assignment for repository candidate interface com.main_group_ekn47.eventlib.producer.OutboxRepository; If you want this repository to be a Redis repository, consider annotating your entities with one of these annotations: org.springframework.data.redis.core.RedisHash (preferred), or consider extending one of the following types with your repository: org.springframework.data.keyvalue.repository.KeyValueRepository
2025-09-02 17:02:45 [main] INFO  o.s.d.r.c.RepositoryConfigurationDelegate - Finished Spring Data repository scanning in 7 ms. Found 0 Redis repository interfaces.
2025-09-02 17:02:47 [main] INFO  o.s.b.a.e.web.EndpointLinksResolver - Exposing 3 endpoints beneath base path '/actuator'
2025-09-02 17:02:47 [main] INFO  o.s.b.w.e.netty.NettyWebServer - Netty started on port 8080 (http)
2025-09-02 17:02:47 [main] INFO  c.m.eventlib.EventlibApplication - Started EventlibApplication in 4.573 seconds (process running for 4.934)
2025-09-02 17:02:47 [scheduling-1] INFO  c.m.e.monitoring.LoggingHandler - [EventLib] >>> Ejecutando publishPendingEvents...
2025-09-02 17:02:48 [parallel-2] INFO  c.m.e.monitoring.LoggingHandler - [EventLib] Event published to RabbitMQ. Exchange: eventlib_exchange, RoutingKey: user-events.UserRegisteredEvent
2025-09-02 17:02:48 [reactor-tcp-epoll-5] INFO  c.m.e.monitoring.LoggingHandler - [EventLib] Event published successfully: 40202955-5275-4b80-aecc-c4e1b348501e
2025-09-02 17:02:52 [scheduling-1] INFO  c.m.e.monitoring.LoggingHandler - [EventLib] >>> Ejecutando publishPendingEvents...
2025-09-02 17:02:55 [SpringApplicationShutdownHook] INFO  o.s.b.w.e.netty.GracefulShutdown - Commencing graceful shutdown. Waiting for active requests to complete
2025-09-02 17:02:55 [netty-shutdown] INFO  o.s.b.w.e.netty.GracefulShutdown - Graceful shutdown complete
2025-09-02 17:04:03 [main] INFO  c.m.eventlib.EventlibApplication - Starting EventlibApplication using Java 21.0.5 with PID 11574 (/home/ekn47/Documentos/refreshTokes/proyeacto_microservices/eventlib/target/classes started by ekn47 in /home/ekn47/Documentos/refreshTokes/proyeacto_microservices/eventlib)
2025-09-02 17:04:03 [main] INFO  c.m.eventlib.EventlibApplication - No active profile set, falling back to 1 default profile: "default"
2025-09-02 17:04:05 [main] INFO  o.s.d.r.c.RepositoryConfigurationDelegate - Multiple Spring Data modules found, entering strict repository configuration mode
2025-09-02 17:04:05 [main] INFO  o.s.d.r.c.RepositoryConfigurationDelegate - Bootstrapping Spring Data R2DBC repositories in DEFAULT mode.
2025-09-02 17:04:05 [main] INFO  o.s.d.r.c.RepositoryConfigurationDelegate - Finished Spring Data repository scanning in 102 ms. Found 1 R2DBC repository interface.
2025-09-02 17:04:05 [main] INFO  o.s.d.r.c.RepositoryConfigurationDelegate - Multiple Spring Data modules found, entering strict repository configuration mode
2025-09-02 17:04:05 [main] INFO  o.s.d.r.c.RepositoryConfigurationDelegate - Bootstrapping Spring Data Redis repositories in DEFAULT mode.
2025-09-02 17:04:05 [main] INFO  o.s.d.r.c.RepositoryConfigurationExtensionSupport - Spring Data Redis - Could not safely identify store assignment for repository candidate interface com.main_group_ekn47.eventlib.producer.OutboxRepository; If you want this repository to be a Redis repository, consider annotating your entities with one of these annotations: org.springframework.data.redis.core.RedisHash (preferred), or consider extending one of the following types with your repository: org.springframework.data.keyvalue.repository.KeyValueRepository
2025-09-02 17:04:05 [main] INFO  o.s.d.r.c.RepositoryConfigurationDelegate - Finished Spring Data repository scanning in 8 ms. Found 0 Redis repository interfaces.
2025-09-02 17:04:07 [main] INFO  o.s.b.a.e.web.EndpointLinksResolver - Exposing 3 endpoints beneath base path '/actuator'
2025-09-02 17:04:07 [main] INFO  o.s.b.w.e.netty.NettyWebServer - Netty started on port 8080 (http)
2025-09-02 17:04:07 [main] INFO  c.m.eventlib.EventlibApplication - Started EventlibApplication in 4.613 seconds (process running for 5.09)
2025-09-02 17:04:08 [scheduling-1] INFO  c.m.e.monitoring.LoggingHandler - [EventLib] >>> Ejecutando publishPendingEvents...
2025-09-02 17:04:08 [parallel-2] INFO  c.m.e.monitoring.LoggingHandler - [EventLib] Event published to RabbitMQ. Exchange: eventlib_exchange, RoutingKey: user-events.UserRegisteredEvent
2025-09-02 17:04:08 [reactor-tcp-epoll-5] INFO  c.m.e.monitoring.LoggingHandler - [EventLib] Event published successfully: a239eb6d-4929-4924-bb34-c8c9a6eaaad0
2025-09-02 17:04:12 [SpringApplicationShutdownHook] INFO  o.s.b.w.e.netty.GracefulShutdown - Commencing graceful shutdown. Waiting for active requests to complete
2025-09-02 17:04:12 [netty-shutdown] INFO  o.s.b.w.e.netty.GracefulShutdown - Graceful shutdown complete
